C51 COMPILER V9.54   MAIN                                                                  06/17/2018 17:37:35 PAGE 1   


C51 COMPILER V9.54, COMPILATION OF MODULE MAIN
OBJECT MODULE PLACED IN .\Objects\main.obj
COMPILER INVOKED BY: D:\keilc51\C51\BIN\C51.EXE main.c OPTIMIZE(8,SPEED) BROWSE DEBUG OBJECTEXTEND PRINT(.\Listings\main
                    -.lst) TABS(2) OBJECT(.\Objects\main.obj)

line level    source

   1          #include <reg52.h>
   2          #define uchar unsigned char 
   3          #define uint unsigned int 
   4          uchar temp;
   5          sbit RedLED=P2^0;
   6          sbit YellowLED=P2^3;
   7          sbit BlueLED=P2^6;
   8          void delayms(uint x)
   9          {
  10   1        uint i,j;
  11   1        for(i=x;i>0;i--)
  12   1          for(j=110;j>0;j--);
  13   1      }
  14          //send one char
  15          void sendChar(uchar a)
  16          {
  17   1        SBUF = a;
  18   1        while(TI==0);
  19   1        TI=0;
  20   1        
  21   1      }
  22          
  23          //send String
  24          void sendString(uchar *s)
  25          {
  26   1        while(*s!='\0')
  27   1        {
  28   2          sendChar(*s);
  29   2          s++;
  30   2        }
  31   1          
  32   1      }
  33          
  34          //初始化ESP8266模块
  35          void initEsp()
  36          {
  37   1        TMOD=0x20;    //定时器1工作在方式2
  38   1        TH1 = 0xfd;   //波特率9600
  39   1        TL1 = 0xfd;
  40   1        SM0=0;        //串口工作在方式1
  41   1        SM1=1;
  42   1        EA = 1;       //开总中断
  43   1        REN = 1;      //使能串口
  44   1        TR1 = 1;      //定时器1开始计时
  45   1        delayms(1000);
  46   1        sendString("AT+CWMODE=2\r\n");    //station模式
  47   1        delayms(1000);  
  48   1        sendString("AT+CIOBAUD=9600\r\n");//设置波特率9600
  49   1        delayms(1000);  
  50   1        sendString("AT+CIPMUX=1\r\n");    //允许多连接
  51   1        delayms(1000);  
  52   1        sendString("AT+CIPSERVER=1\r\n"); //建立TCP Server
  53   1        delayms(1000);  
  54   1        ES = 1;       //开串口中断
C51 COMPILER V9.54   MAIN                                                                  06/17/2018 17:37:35 PAGE 2   

  55   1      }
  56          
  57          uchar receiveTable[10];
  58          uint i;
  59          void main()
  60          {
  61   1        RedLED=0;
  62   1        YellowLED=0;
  63   1        BlueLED=0;
  64   1        i=0;
  65   1        initEsp();
  66   1        
  67   1        while(1);
  68   1      }
  69          
  70          void uart() interrupt 4
  71          {
  72   1        if(RI == 1)   
  73   1        {
  74   2          RI = 0;     //清除串口接收标志位
  75   2          receiveTable[i]=SBUF;
  76   2          if(receiveTable[0]=='+')
  77   2          {
  78   3            i++;
  79   3          }
  80   2          else
  81   2          {
  82   3            i=0;
  83   3          }
  84   2          if(i==10)
  85   2          {
  86   3            i=0;
  87   3            switch(receiveTable[9])
  88   3            {
  89   4              case '1':
  90   4                RedLED=0;
  91   4                break;
  92   4              case '2':
  93   4                RedLED=1;
  94   4                break;
  95   4              case '3':
  96   4                YellowLED=0;
  97   4                break;
  98   4              case '4':
  99   4                YellowLED=1;
 100   4                break;
 101   4              case '5':
 102   4                BlueLED=0;
 103   4                break;
 104   4              case '6':
 105   4                BlueLED=1;
 106   4                break;
 107   4            }
 108   3          }
 109   2          
 110   2        }
 111   1      }


MODULE INFORMATION:   STATIC OVERLAYABLE
   CODE SIZE        =    240    ----
   CONSTANT SIZE    =     63    ----
C51 COMPILER V9.54   MAIN                                                                  06/17/2018 17:37:35 PAGE 3   

   XDATA SIZE       =   ----    ----
   PDATA SIZE       =   ----    ----
   DATA SIZE        =     13    ----
   IDATA SIZE       =   ----    ----
   BIT SIZE         =   ----    ----
END OF MODULE INFORMATION.


C51 COMPILATION COMPLETE.  0 WARNING(S),  0 ERROR(S)
