C51 COMPILER V9.59.0.0   MAIN                                                              08/24/2018 22:48:25 PAGE 1   


C51 COMPILER V9.59.0.0, COMPILATION OF MODULE MAIN
OBJECT MODULE PLACED IN .\Objects\main.obj
COMPILER INVOKED BY: D:\keil_v5\C51\BIN\C51.EXE main.c OPTIMIZE(8,SPEED) BROWSE DEBUG OBJECTEXTEND PRINT(.\Listings\main
                    -.lst) TABS(2) OBJECT(.\Objects\main.obj)

line level    source

   1          //****************************************************************//
   2          //           DHT11数字温湿度传感器
   3          //单片机 AT89S52 或 STC89C52RC
   4          //功能   蓝牙发送温湿度数据 晶振 11.0592M 波特率 9600
   5          //硬件   P2.0口为通讯口连接DHT11,DHT11的电源和地连接单片机的电源和地
   6          //公司   大信物联网 https://daxiniot.taobao.com
   7          //****************************************************************//
   8          
   9          #include <reg51.h>
  10          #include <intrins.h>
  11          
  12          typedef unsigned char  U8;       /* defined for unsigned 8-bits integer variable           无符号8位
             -型变量  */
  13          typedef unsigned int   U16;      /* defined for unsigned 16-bits integer variable           无符号16位
             -整型变量 */
  14          #define uchar unsigned char
  15          #define uint unsigned int
  16          
  17          //----------------IO口定义区--------------------//
  18          sbit  P2_0  = P2^0 ;
  19          sbit fan=P2^5;
  20          //----------------定义区--------------------//
  21          U8  U8temp;
  22          U8  humidity_H,humidity_L,temperature_H,temperature_L,checkdata;
  23          U8  str[5]= {"RS232"};
  24          
  25          void Delay(U16 j)
  26          {   U8 i;
  27   1          for(; j>0; j--)
  28   1          {
  29   2              for(i=0; i<27; i++);
  30   2          }
  31   1      }
  32          /**
  33          *串口发送一个字节
  34          */
  35          void sendOneChar(uchar a)
  36          {
  37   1          SBUF = a;
  38   1          while(TI==0);
  39   1          TI=0;
  40   1      }
  41          //send String
  42          void sendString(uchar *s)
  43          {
  44   1          while(*s!='\0')
  45   1          {
  46   2              sendOneChar(*s);
  47   2              s++;
  48   2          }
  49   1      
  50   1      }
  51          
  52          /**
C51 COMPILER V9.59.0.0   MAIN                                                              08/24/2018 22:48:25 PAGE 2   

  53          *延时函数：单位 ms
  54          */
  55          void delayms(uint x)
  56          {
  57   1          uint i,j;
  58   1          for(i=x; i>0; i--)
  59   1              for(j=110; j>0; j--);
  60   1      }
  61          /**
  62          *延时函数： 延时10us
  63          */
  64          void  Delay_10us(void)
  65          {
  66   1          U8 i;
  67   1          i--;
  68   1          i--;
  69   1          i--;
  70   1          i--;
  71   1          i--;
  72   1          i--;
  73   1      }
  74          
  75          /**
  76          *延时函数： 延时10us
  77          */
  78          void delay13us()
  79          {
  80   1          U8 i;
  81   1          i--;
  82   1          i--;
  83   1          i--;
  84   1          i--;
  85   1          i--;
  86   1          i--;
  87   1          i--;
  88   1          i--;
  89   1      }
  90          
  91          /**
  92          *根据时序计算温湿度值
  93          */
  94          U8 computeData()
  95          {
  96   1          U8 i,U8comdata;
  97   1          for(i=0; i<8; i++)
  98   1          {
  99   2              while(P2_0==0);       //等待54us低电平
 100   2              Delay_10us();         //延时30us确认高电平是否结束
 101   2              Delay_10us();
 102   2              Delay_10us();
 103   2              U8temp=0;
 104   2              if(P2_0==1)           //如果高电平高过预定0高电平
 105   2              {   //值则数据位为 1
 106   3                  U8temp=1;
 107   3              }
 108   2              while(P2_0==1);     //等待高电平结束
 109   2              U8comdata<<=1;
 110   2              U8comdata|=U8temp;
 111   2          }
 112   1          return U8comdata;
 113   1      }
 114          
C51 COMPILER V9.59.0.0   MAIN                                                              08/24/2018 22:48:25 PAGE 3   

 115          //--------------------------------
 116          //-----湿度读取子程序 ------------
 117          //--------------------------------
 118          //----以下变量均为全局变量--------
 119          //----温度高8位== temperature_H------
 120          //----温度低8位== temperature_L------
 121          //----湿度高8位== humidity_H-----
 122          //----湿度低8位== humidity_L-----
 123          //----校验 8位 == checkdata-----
 124          //--------------------------------
 125          void readData()
 126          {
 127   1          U8  humidity_H_temp,humidity_L_temp,temperature_H_temp,temperature_L_temp,checkdata_temp;
 128   1          //主机拉低不少于18ms
 129   1          P2_0=0;
 130   1          delayms(20);
 131   1          //总线由上拉电阻拉高 主机延时13us最多20us 等待DHT11低电平响应
 132   1          P2_0=1;
 133   1          delay13us();
 134   1          //判断从机是否有低电平响应信号
 135   1          if(P2_0==0)
 136   1          {
 137   2              while(P2_0==0);       //判断DHT11发出 83us 的低电平响应信号是否结束
 138   2              while(P2_0==1);       //判断DHT11发出 87us 的高电平是否结束
 139   2              //数据接收状态
 140   2              humidity_H_temp = computeData();
 141   2              humidity_L_temp = computeData();
 142   2              temperature_H_temp = computeData();
 143   2              temperature_L_temp = computeData();
 144   2              checkdata_temp = computeData();
 145   2              P2_0 = 1;   //data拉高释放总线
 146   2              //数据校验
 147   2              if(checkdata_temp = humidity_H_temp + humidity_L_temp + temperature_H_temp + temperature_L_temp)
 148   2              {
 149   3                  humidity_H = humidity_H_temp;
 150   3                  humidity_L = humidity_L_temp;
 151   3                  temperature_H = temperature_H_temp;
 152   3                  temperature_L = temperature_L_temp;
 153   3                  checkdata = checkdata_temp;
 154   3              }
 155   2          }
 156   1      
 157   1      }
 158          
 159          //----------------------------------------------
 160          //main()功能描述:  STC89C52RC  11.0592MHz   串口发送温湿度数据,波特率 9600
 161          //----------------------------------------------
 162          void main()
 163          {
 164   1          U8  i;
 165   1          TMOD=0x20;    //定时器1工作在方式2
 166   1          TH1 = 0xfd;   //波特率9600
 167   1          TL1 = 0xfd;
 168   1          SM0=0;        //串口工作在方式1
 169   1          SM1=1;
 170   1          EA = 1;       //开总中断
 171   1          REN = 1;      //使能串口
 172   1          TR1 = 1;      //定时器1开始计时
 173   1          delayms(50);
 174   1          sendString("AT+CWMODE=2\r\n");    //ap模式
 175   1          delayms(50);
 176   1          sendString("AT+CIPMUX=1\r\n");    //允许多连接
C51 COMPILER V9.59.0.0   MAIN                                                              08/24/2018 22:48:25 PAGE 4   

 177   1          delayms(50);
 178   1          sendString("AT+CIPSERVER=1\r\n"); //建立TCP Server
 179   1          delayms(50);
 180   1          ES = 1;       //开串口中断
 181   1      
 182   1      
 183   1          while(1)
 184   1          {
 185   2              //调用温湿度读取子程序
 186   2              readData();
 187   2              str[0]=humidity_H;
 188   2              str[1]=humidity_L;
 189   2              str[2]=temperature_H;
 190   2              str[3]=temperature_L;
 191   2              str[4]=checkdata;
 192   2              //发送到串口
 193   2              delayms(2);         //发送温度数据
 194   2              sendString( "AT+CIPSTART=1,\"TCP\",\"192.168.4.2\",5000\r\n");
 195   2              delayms(2);
 196   2              sendString("AT+CIPSEND=1,5\r\n");
 197   2              delayms(2);
 198   2              for(i=0; i<5; i++)
 199   2              {
 200   3                  sendOneChar(str[i]);
 201   3              }
 202   2              //读取模块数据周期不易小于 2S
 203   2              delayms(2000);
 204   2          }
 205   1      
 206   1      }
 207          


MODULE INFORMATION:   STATIC OVERLAYABLE
   CODE SIZE        =    374    ----
   CONSTANT SIZE    =    103    ----
   XDATA SIZE       =   ----    ----
   PDATA SIZE       =   ----    ----
   DATA SIZE        =     11       2
   IDATA SIZE       =   ----    ----
   BIT SIZE         =   ----    ----
END OF MODULE INFORMATION.


C51 COMPILATION COMPLETE.  0 WARNING(S),  0 ERROR(S)
