C51 COMPILER V9.59.0.0   MAIN                                                              07/06/2018 20:43:56 PAGE 1   


C51 COMPILER V9.59.0.0, COMPILATION OF MODULE MAIN
OBJECT MODULE PLACED IN .\Objects\main.obj
COMPILER INVOKED BY: D:\keil_v5\C51\BIN\C51.EXE main.c OPTIMIZE(8,SPEED) BROWSE DEBUG OBJECTEXTEND PRINT(.\Listings\main
                    -.lst) TABS(2) OBJECT(.\Objects\main.obj)

line level    source

   1          /********利用DS18B20采集温度*************/
   2          /*当程序收到上位机发送的命令之后，该程序会将当时的温度值通过串口发送给
             -位机*/
   3          #include<reg52.h>
   4          #define uchar unsigned char
   5          #define uint unsigned int
   6          sbit DQ = P2^6;               //定义DS18B20的信号线端口
   7          uchar i,j;
   8          uchar dis_buffer[4];//定义数据缓冲数组
   9          
  10          /****************************延时函数*********************************/
  11          void delay(uint x)
  12          {
  13   1          while(x)
  14   1              x--;
  15   1      }
  16          /*************************DS18B20初始化函数***************************/
  17          void Init_DS18B20(void)
  18          {
  19   1          unsigned char x=0;
  20   1          DQ = 1;         //DQ复位
  21   1          delay(8);       //稍做延时
  22   1          DQ = 0;               //单片机将DQ拉低
  23   1          delay(80);     //精确延时 大于 480us
  24   1          DQ = 1;           //拉高总线
  25   1          delay(14);
  26   1          x=DQ;           //稍做延时后 如果x=0则初始化成功 x=1则初始化失败
  27   1          delay(20);
  28   1      }
  29          /***************************从18B20中读一个字节************************/
  30          uchar ReadOneChar(void)
  31          {
  32   1          uchar i=0;
  33   1          uchar dat = 0;
  34   1          for (i=8; i>0; i--)
  35   1          {
  36   2              DQ = 0;   // 给脉冲信号
  37   2              dat>>=1;
  38   2              DQ = 1;   // 给脉冲信号
  39   2              if(DQ)
  40   2                  dat|=0x80;
  41   2              delay(8);
  42   2          }
  43   1          return(dat);
  44   1      }
  45          /***************************向18B20中写一个字节************************/
  46          Write_OneChar(uchar dat)
  47          {
  48   1          uchar i=0;
  49   1          for (i=8; i>0; i--)
  50   1          {
  51   2              DQ = 0;     //给脉冲信号
  52   2              DQ = dat & 0x01;
  53   2              delay(5);
C51 COMPILER V9.59.0.0   MAIN                                                              07/06/2018 20:43:56 PAGE 2   

  54   2              DQ = 1;     //给脉冲信号
  55   2              dat >>= 1;
  56   2          }
  57   1          delay(4);
  58   1      }
  59          /**************************从18B20中读取一个字节***********************/
  60          int Read_Temperature(void)
  61          {
  62   1          uchar i = 0,t = 0,a,b;
  63   1          int temp;
  64   1          Init_DS18B20();
  65   1          Write_OneChar(0xcc);   // 跳过读序号列号的操作
  66   1          Write_OneChar(0x44);   // 启动温度转换
  67   1          Init_DS18B20();
  68   1          Write_OneChar(0xcc);   //跳过读序号列号的操作
  69   1          Write_OneChar(0xbe);   //读取温度寄存器等（共可读9个寄存器） 前两个就是温度
  70   1          i = ReadOneChar();           //读取温度值低位
  71   1          t = ReadOneChar();           //读取温度值高位
  72   1          a = i & 0x0f;
  73   1          b = t;
  74   1          i = i >> 4;             //低位右移4位，舍弃小数部分
  75   1          t = t << 4;             //高位左移4位，舍弃符号位
  76   1          t = t | i;
  77   1          temp = (t + a * 0.0625) * 100; //得到一个比实际温度扩到100倍的值，主要是为了更好
             -的显示和传输
  78   1          return(temp);                  //返回温度值
  79   1      }
  80          /***************************初始化定时器0******************************/
  81          void timer0_init(void)                      //
  82          {
  83   1          TMOD = 0x21; //由于串口通信需要使用定时器1，因此TMOD的值是0x21
  84   1          TH0=0x4B;
  85   1          TL0 = 0xFF;
  86   1          EA = 1;
  87   1          ET0 = 1;
  88   1          TR0 = 1;
  89   1      }
  90          /*************************发送数据的函数********************************/
  91          void txd_data(char send_data)
  92          {
  93   1          SBUF = send_data; //将需要发送的数据放入发送缓冲区
  94   1          while(!TI);           //等待发送数据
  95   1          TI = 0;
  96   1      }
  97          /********************T0中断处理函数，主要用于显示当前温度***************/
  98          void timer0_isr(void) interrupt 1
  99          {
 100   1          int temp;
 101   1          TR0 = 0;
 102   1          TH0=0x4B;         //定时器0溢出时间50ms
 103   1          TL0 = 0xFF;
 104   1          TR0 = 1;
 105   1          j++;
 106   1          if(j >= 10)  //如果到500ms就会读取一次温度，并将温度值放入显示缓冲区
 107   1          {
 108   2              j = 0;
 109   2              temp = Read_Temperature();
 110   2              dis_buffer[0] = temp / 1000;
 111   2              dis_buffer[1] = temp % 1000 / 100;
 112   2              dis_buffer[2] = temp % 100 / 10;
 113   2              dis_buffer[3] = temp % 10;
 114   2          }
C51 COMPILER V9.59.0.0   MAIN                                                              07/06/2018 20:43:56 PAGE 3   

 115   1      
 116   1      }
 117          /***************************串口通信初始化函数***************************/
 118          void uart_init(void)
 119          {
 120   1          SCON = 0x50;         //方式1,充许接收
 121   1          TMOD = 0x21;         //T1方式2定时，T0方式是1
 122   1          TH1 = 0xFd;          //波特率9600,Fosc=11.0592MHz
 123   1          TL1 = 0xFd;
 124   1          TR1 = 1;
 125   1          ES = 1;                    // 打开串口中断
 126   1      }
 127          /**************************串口中断处理函数*****************************/
 128          void uart() interrupt 4
 129          {
 130   1          char y,i;
 131   1          while(!RI);
 132   1          y = SBUF;                       //读取接收的信息，然后判断是否为发送温度命令
 133   1          if(y == '1')             //如果为发送命令，就将当前数据缓冲数组内的数据发送给
             -上位机
 134   1          {
 135   2              for(i = 0; i <= 3; i++)
 136   2              {
 137   3                  txd_data(dis_buffer[i] + 48);
 138   3              }
 139   2          }
 140   1          RI = 0;
 141   1      }
 142          /*******************************主函数*********************************/
 143          void main()
 144          {
 145   1          timer0_init();           //调用T0初始化函数
 146   1          uart_init();             //调用串口初始化函数
 147   1          while(1)
 148   1          {
 149   2      
 150   2      
 151   2          }
 152   1      }
*** WARNING C290 IN LINE 58 OF main.c: missing return value


MODULE INFORMATION:   STATIC OVERLAYABLE
   CODE SIZE        =    538    ----
   CONSTANT SIZE    =   ----    ----
   XDATA SIZE       =   ----    ----
   PDATA SIZE       =   ----    ----
   DATA SIZE        =      6       2
   IDATA SIZE       =   ----    ----
   BIT SIZE         =   ----    ----
END OF MODULE INFORMATION.


C51 COMPILATION COMPLETE.  1 WARNING(S),  0 ERROR(S)
